<?xml version="1.0" encoding="UTF-8"?>
<!-- Generated by org.testng.reporters.JUnitReportReporter -->
<testsuite hostname="USBLRPRABHRANJ1" name="com.pack.runner.testCaseUploadRunner" tests="1" failures="0" timestamp="13 Mar 2018 19:48:45 GMT" time="0.582" errors="0">
  <testcase name="uploadTestCase" time="0.582" classname="com.pack.runner.testCaseUploadRunner"/>
</testsuite> <!-- com.pack.runner.testCaseUploadRunner -->
