<?xml version="1.0" encoding="UTF-8"?>
<!-- Generated by org.testng.reporters.JUnitReportReporter -->
<testsuite hostname="USBLRPRABHRANJ1" name="com.pack.runner.getDataForTestCasesCreatedRunner" tests="1" failures="0" timestamp="12 Feb 2018 18:15:40 GMT" time="42.200" errors="0">
  <testcase name="uploadTestCase" time="42.200" classname="com.pack.runner.getDataForTestCasesCreatedRunner"/>
</testsuite> <!-- com.pack.runner.getDataForTestCasesCreatedRunner -->
